{
  "stats": {
    "suites": 1,
    "tests": 2,
    "passes": 2,
    "pending": 0,
    "failures": 0,
    "start": "2021-07-05T19:47:03.850Z",
    "end": "2021-07-05T19:47:18.617Z",
    "duration": 14767,
    "testsRegistered": 2,
    "passPercent": 100,
    "pendingPercent": 0,
    "other": 0,
    "hasOther": false,
    "skipped": 0,
    "hasSkipped": false
  },
  "results": [
    {
      "uuid": "423c6a71-0c57-40a3-be21-0edd6c224732",
      "title": "",
      "fullFile": "cypress/integration/listagem.spec.js",
      "file": "cypress/integration/listagem.spec.js",
      "beforeHooks": [],
      "afterHooks": [],
      "tests": [],
      "suites": [
        {
          "uuid": "745e83ad-6383-4ebc-9faf-f0aea4f1fe8e",
          "title": "Listagem",
          "fullFile": "",
          "file": "",
          "beforeHooks": [],
          "afterHooks": [],
          "tests": [
            {
              "title": "Listagem sem Registros",
              "fullTitle": "Listagem Listagem sem Registros",
              "timedOut": null,
              "duration": 10710,
              "state": "passed",
              "speed": "slow",
              "pass": true,
              "fail": false,
              "pending": false,
              "context": null,
              "code": "cy.intercept('GET', '**/api/1/databases/userdetails/collections/newtable?**', {\n  statusCode: 200,\n  response: 'fixture: webtable-get-vazio',\n  body: {}\n}).as('getNewtable');\ncy.visit('WebTable.html');\ncy.get('div[role=row]').should('have.length', 1);",
              "err": {},
              "uuid": "f9a9b94e-d8c9-44d2-8ef6-d28059f06dee",
              "parentUUID": "745e83ad-6383-4ebc-9faf-f0aea4f1fe8e",
              "isHook": false,
              "skipped": false
            },
            {
              "title": "Listagem com Apenas um Registro",
              "fullTitle": "Listagem Listagem com Apenas um Registro",
              "timedOut": null,
              "duration": 3938,
              "state": "passed",
              "speed": "slow",
              "pass": true,
              "fail": false,
              "pending": false,
              "context": null,
              "code": "cy.intercept('GET', '**/api/1/databases/userdetails/collections/newtable?**', {\n  statusCode: 200,\n  response: 'fixture: webtable-get-unico',\n  body: {}\n});\ncy.visit('WebTable.html'); //comentado por enquanto pois a página está retornando erro\n// cy.get('div[role=row] div[role=gridcell]').eq(4).find('div').as('gridCellPhone')\n// cy.get('@gridCellPhone').should('contain.text', \"3129876543\" )\n//1 -> .first()\n//2\n//3\n//4 -> .eq(3)\n//5 -> .last()",
              "err": {},
              "uuid": "4318ab3d-8bd0-49f2-ac0b-63485f017caa",
              "parentUUID": "745e83ad-6383-4ebc-9faf-f0aea4f1fe8e",
              "isHook": false,
              "skipped": false
            }
          ],
          "suites": [],
          "passes": [
            "f9a9b94e-d8c9-44d2-8ef6-d28059f06dee",
            "4318ab3d-8bd0-49f2-ac0b-63485f017caa"
          ],
          "failures": [],
          "pending": [],
          "skipped": [],
          "duration": 14648,
          "root": false,
          "rootEmpty": false,
          "_timeout": 2000
        }
      ],
      "passes": [],
      "failures": [],
      "pending": [],
      "skipped": [],
      "duration": 0,
      "root": true,
      "rootEmpty": true,
      "_timeout": 2000
    }
  ],
  "meta": {
    "mocha": {
      "version": "7.0.1"
    },
    "mochawesome": {
      "options": {
        "quiet": false,
        "reportFilename": "mochawesome",
        "saveHtml": false,
        "saveJson": true,
        "consoleReporter": "spec",
        "useInlineDiffs": false,
        "code": true
      },
      "version": "6.2.2"
    },
    "marge": {
      "options": {
        "id": "default",
        "reportDir": "cypress/reports/mocha",
        "quite": true,
        "overwrite": false,
        "html": false,
        "json": true
      },
      "version": "5.2.0"
    }
  }
}