{
  "stats": {
    "suites": 2,
    "tests": 3,
    "passes": 3,
    "pending": 0,
    "failures": 0,
    "start": "2021-07-05T19:46:28.291Z",
    "end": "2021-07-05T19:47:18.617Z",
    "duration": 35997,
    "testsRegistered": 3,
    "passPercent": 100,
    "pendingPercent": 0,
    "other": 0,
    "hasOther": false,
    "skipped": 0,
    "hasSkipped": false
  },
  "results": [
    {
      "uuid": "423c6a71-0c57-40a3-be21-0edd6c224732",
      "title": "",
      "fullFile": "cypress/integration/listagem.spec.js",
      "file": "cypress/integration/listagem.spec.js",
      "beforeHooks": [],
      "afterHooks": [],
      "tests": [],
      "suites": [
        {
          "uuid": "745e83ad-6383-4ebc-9faf-f0aea4f1fe8e",
          "title": "Listagem",
          "fullFile": "",
          "file": "",
          "beforeHooks": [],
          "afterHooks": [],
          "tests": [
            {
              "title": "Listagem sem Registros",
              "fullTitle": "Listagem Listagem sem Registros",
              "timedOut": null,
              "duration": 10710,
              "state": "passed",
              "speed": "slow",
              "pass": true,
              "fail": false,
              "pending": false,
              "context": null,
              "code": "cy.intercept('GET', '**/api/1/databases/userdetails/collections/newtable?**', {\n  statusCode: 200,\n  response: 'fixture: webtable-get-vazio',\n  body: {}\n}).as('getNewtable');\ncy.visit('WebTable.html');\ncy.get('div[role=row]').should('have.length', 1);",
              "err": {},
              "uuid": "f9a9b94e-d8c9-44d2-8ef6-d28059f06dee",
              "parentUUID": "745e83ad-6383-4ebc-9faf-f0aea4f1fe8e",
              "isHook": false,
              "skipped": false
            },
            {
              "title": "Listagem com Apenas um Registro",
              "fullTitle": "Listagem Listagem com Apenas um Registro",
              "timedOut": null,
              "duration": 3938,
              "state": "passed",
              "speed": "slow",
              "pass": true,
              "fail": false,
              "pending": false,
              "context": null,
              "code": "cy.intercept('GET', '**/api/1/databases/userdetails/collections/newtable?**', {\n  statusCode: 200,\n  response: 'fixture: webtable-get-unico',\n  body: {}\n});\ncy.visit('WebTable.html'); //comentado por enquanto pois a página está retornando erro\n// cy.get('div[role=row] div[role=gridcell]').eq(4).find('div').as('gridCellPhone')\n// cy.get('@gridCellPhone').should('contain.text', \"3129876543\" )\n//1 -> .first()\n//2\n//3\n//4 -> .eq(3)\n//5 -> .last()",
              "err": {},
              "uuid": "4318ab3d-8bd0-49f2-ac0b-63485f017caa",
              "parentUUID": "745e83ad-6383-4ebc-9faf-f0aea4f1fe8e",
              "isHook": false,
              "skipped": false
            }
          ],
          "suites": [],
          "passes": [
            "f9a9b94e-d8c9-44d2-8ef6-d28059f06dee",
            "4318ab3d-8bd0-49f2-ac0b-63485f017caa"
          ],
          "failures": [],
          "pending": [],
          "skipped": [],
          "duration": 14648,
          "root": false,
          "rootEmpty": false,
          "_timeout": 2000
        }
      ],
      "passes": [],
      "failures": [],
      "pending": [],
      "skipped": [],
      "duration": 0,
      "root": true,
      "rootEmpty": true,
      "_timeout": 2000
    },
    {
      "uuid": "34b17ac2-a15a-4884-b3b8-5b6e6d0e9ddb",
      "title": "",
      "fullFile": "cypress/integration/cadastro.spec.js",
      "file": "cypress/integration/cadastro.spec.js",
      "beforeHooks": [],
      "afterHooks": [],
      "tests": [],
      "suites": [
        {
          "uuid": "45c36965-53d2-4544-93c8-8b8e6946fc3e",
          "title": "",
          "fullFile": "",
          "file": "",
          "beforeHooks": [],
          "afterHooks": [],
          "tests": [
            {
              "title": "Cadastro de usuário no site",
              "fullTitle": " Cadastro de usuário no site",
              "timedOut": null,
              "duration": 21349,
              "state": "passed",
              "speed": "slow",
              "pass": true,
              "fail": false,
              "pending": false,
              "context": null,
              "code": "cy.intercept('POST', '**/api/1/databases/userdetails/collections/newtable?**', {\n  statusCode: 200,\n  body: {}\n}).as('postNewtable');\ncy.intercept('POST', '**/api/1/databases/userdetails/collections/usertable?**', {\n  statusCode: 200,\n  body: {}\n}).as('postUsertable');\ncy.intercept('GET', '**/api/1/databases/userdetails/collections/newtable?**', {\n  statusCode: 200,\n  body: {}\n}).as('getNewtable'); //baseUrl + Register.html - vai concatenar o endereço adicionado na baseurl com o texto inserido abaixo\ncy.visit('Register.html'); //type - digita texto em um campo\ncy.get('input[placeholder=\"First Name\"]').type(chance.first());\ncy.get('input[ng-model^=\"LastName\"]').type(chance.last());\ncy.get('input[ng-model^=\"Email\"]').type(chance.email());\ncy.get('input[ng-model^=\"Phone\"]').type(chance.phone({\n  formatted: false\n})); //check -> radio's e checkboxes\ncy.get('input[value=\"FeMale\"]').check();\ncy.get('input[type=\"checkbox\"]').check('Cricket');\ncy.get('input[type=\"checkbox\"]').check('Hockey'); // cy.get('div#msdd')\n//     .click()\n// cy.get(':nth-child(29) > .ui-corner-all').contains('Portuguese').click()\n//select ->  select & select2 (combos)\ncy.get('select#Skills').select('Javascript');\ncy.get('select#countries').select('Argentina');\ncy.get('select#country').select('Australia', {\n  force: true\n});\ncy.get('select#yearbox').select('1996');\ncy.get('select[ng-model^=month]').select('February');\ncy.get('select#daybox').select('24');\ncy.get('input#firstpassword').type('Agilizei@2021');\ncy.get('input#secondpassword').type('Agilizei@2021');\ncy.get('input#imagesrc').attachFile('screen.jpg'); //click\ncy.get('button#submitbtn').click();\ncy.wait('@postNewtable').then(function (resNewtable) {\n  expect(resNewtable.response.statusCode).to.eq(200);\n});\ncy.wait('@postUsertable').then(function (resUsertable) {\n  expect(resUsertable.response.statusCode).to.eq(200);\n});\ncy.wait('@getNewtable').then(function (getNewtable) {\n  expect(getNewtable.response.statusCode).to.eq(200);\n});\ncy.url().should('contain', 'WebTable');",
              "err": {},
              "uuid": "d95cd975-1208-4150-a30b-16b0f53b2ea4",
              "parentUUID": "45c36965-53d2-4544-93c8-8b8e6946fc3e",
              "isHook": false,
              "skipped": false
            }
          ],
          "suites": [],
          "passes": [
            "d95cd975-1208-4150-a30b-16b0f53b2ea4"
          ],
          "failures": [],
          "pending": [],
          "skipped": [],
          "duration": 21349,
          "root": false,
          "rootEmpty": false,
          "_timeout": 2000
        }
      ],
      "passes": [],
      "failures": [],
      "pending": [],
      "skipped": [],
      "duration": 0,
      "root": true,
      "rootEmpty": true,
      "_timeout": 2000
    }
  ],
  "meta": {
    "mocha": {
      "version": "7.0.1"
    },
    "mochawesome": {
      "options": {
        "quiet": false,
        "reportFilename": "mochawesome",
        "saveHtml": false,
        "saveJson": true,
        "consoleReporter": "spec",
        "useInlineDiffs": false,
        "code": true
      },
      "version": "6.2.2"
    },
    "marge": {
      "options": {
        "id": "default",
        "reportDir": "cypress/reports/mocha",
        "quite": true,
        "overwrite": false,
        "html": false,
        "json": true
      },
      "version": "5.2.0"
    }
  }
}